{"uid":"a0602b142afecd95","name":"Verifying if create job api is able to create inwarranty job","fullName":"com.api.tests.CreateJobAPITestwithFakerData.createJobAPITest","historyId":"33bbac42d569e87481fc44e99f0a6333","time":{"start":1771182183696,"stop":1771182184273,"duration":577},"status":"broken","statusMessage":"java.lang.ExceptionInInitializerError","statusTrace":"java.lang.ExceptionInInitializerError\n\tat com.database.DatabaseManager.loadSecret(DatabaseManager.java:44)\n\tat com.database.DatabaseManager.<clinit>(DatabaseManager.java:34)\n\tat com.database.dao.CustomerDao.getCustomerInfo(CustomerDao.java:32)\n\tat com.api.tests.CreateJobAPITestwithFakerData.createJobAPITest(CreateJobAPITestwithFakerData.java:53)\n\tat java.base/jdk.internal.reflect.NativeMethodAccessorImpl.invoke0(Native Method)\n\tat java.base/jdk.internal.reflect.NativeMethodAccessorImpl.invoke(NativeMethodAccessorImpl.java:77)\n\tat java.base/jdk.internal.reflect.DelegatingMethodAccessorImpl.invoke(DelegatingMethodAccessorImpl.java:43)\n\tat java.base/java.lang.reflect.Method.invoke(Method.java:569)\n\tat org.testng.internal.invokers.MethodInvocationHelper.invokeMethod(MethodInvocationHelper.java:141)\n\tat org.testng.internal.invokers.TestInvoker.invokeMethod(TestInvoker.java:687)\n\tat org.testng.internal.invokers.TestInvoker.invokeTestMethod(TestInvoker.java:230)\n\tat org.testng.internal.invokers.MethodRunner.runInSequence(MethodRunner.java:63)\n\tat org.testng.internal.invokers.TestInvoker$MethodInvocationAgent.invoke(TestInvoker.java:995)\n\tat org.testng.internal.invokers.TestInvoker.invokeTestMethods(TestInvoker.java:203)\n\tat org.testng.internal.invokers.TestMethodWorker.invokeTestMethods(TestMethodWorker.java:154)\n\tat org.testng.internal.invokers.TestMethodWorker.run(TestMethodWorker.java:134)\n\tat java.base/java.util.ArrayList.forEach(ArrayList.java:1511)\n\tat org.testng.TestRunner.privateRun(TestRunner.java:741)\n\tat org.testng.TestRunner.run(TestRunner.java:616)\n\tat org.testng.SuiteRunner.runTest(SuiteRunner.java:421)\n\tat org.testng.SuiteRunner.runSequentially(SuiteRunner.java:413)\n\tat org.testng.SuiteRunner.privateRun(SuiteRunner.java:373)\n\tat org.testng.SuiteRunner.run(SuiteRunner.java:312)\n\tat org.testng.SuiteRunnerWorker.runSuite(SuiteRunnerWorker.java:52)\n\tat org.testng.SuiteRunnerWorker.run(SuiteRunnerWorker.java:95)\n\tat org.testng.TestNG.runSuitesSequentially(TestNG.java:1274)\n\tat org.testng.TestNG.runSuitesLocally(TestNG.java:1208)\n\tat org.testng.TestNG.runSuites(TestNG.java:1112)\n\tat org.testng.TestNG.run(TestNG.java:1079)\n\tat org.apache.maven.surefire.testng.TestNGExecutor.run(TestNGExecutor.java:308)\n\tat org.apache.maven.surefire.testng.TestNGXmlTestSuite.execute(TestNGXmlTestSuite.java:71)\n\tat org.apache.maven.surefire.testng.TestNGProvider.invoke(TestNGProvider.java:113)\n\tat org.apache.maven.surefire.booter.ForkedBooter.runSuitesInProcess(ForkedBooter.java:385)\n\tat org.apache.maven.surefire.booter.ForkedBooter.execute(ForkedBooter.java:162)\n\tat org.apache.maven.surefire.booter.ForkedBooter.run(ForkedBooter.java:507)\n\tat org.apache.maven.surefire.booter.ForkedBooter.main(ForkedBooter.java:495)\nCaused by: java.lang.NullPointerException: Cannot invoke \"String.trim()\" because \"address\" is null\n\tat com.bettercloud.vault.VaultConfig.address(VaultConfig.java:112)\n\tat com.api.utils.VaultDBConfig.<clinit>(VaultDBConfig.java:24)\n\t... 36 more\n","flaky":false,"newFailed":false,"newBroken":false,"newPassed":false,"retriesCount":0,"retriesStatusChange":false,"beforeStages":[{"name":"Creating create job api request payload and Instantiating the JobService object","time":{"start":1771182183487,"stop":1771182183692,"duration":205},"description":"Creating create job api request payload and Instantiating the JobService object","status":"passed","steps":[{"name":"Generating the fake payload for Create Job API","time":{"start":1771182183547,"stop":1771182183692,"duration":145},"status":"passed","steps":[{"name":"Generating fake Customer data","time":{"start":1771182183548,"stop":1771182183655,"duration":107},"status":"passed","steps":[],"attachments":[],"parameters":[],"stepsCount":0,"attachmentsCount":0,"shouldDisplayMessage":false,"hasContent":false},{"name":"Generating fake Customer Address Information","time":{"start":1771182183655,"stop":1771182183682,"duration":27},"status":"passed","steps":[],"attachments":[],"parameters":[],"stepsCount":0,"attachmentsCount":0,"shouldDisplayMessage":false,"hasContent":false},{"name":"Generating fake Customer Product Information","time":{"start":1771182183682,"stop":1771182183682,"duration":0},"status":"passed","steps":[],"attachments":[],"parameters":[],"stepsCount":0,"attachmentsCount":0,"shouldDisplayMessage":false,"hasContent":false},{"name":"Generating fake Problem list","time":{"start":1771182183683,"stop":1771182183692,"duration":9},"status":"passed","steps":[],"attachments":[],"parameters":[],"stepsCount":0,"attachmentsCount":0,"shouldDisplayMessage":false,"hasContent":false}],"attachments":[],"parameters":[],"stepsCount":4,"attachmentsCount":0,"shouldDisplayMessage":false,"hasContent":true}],"attachments":[],"parameters":[],"stepsCount":5,"attachmentsCount":0,"shouldDisplayMessage":false,"hasContent":true}],"testStage":{"status":"broken","statusMessage":"java.lang.ExceptionInInitializerError","statusTrace":"java.lang.ExceptionInInitializerError\n\tat com.database.DatabaseManager.loadSecret(DatabaseManager.java:44)\n\tat com.database.DatabaseManager.<clinit>(DatabaseManager.java:34)\n\tat com.database.dao.CustomerDao.getCustomerInfo(CustomerDao.java:32)\n\tat com.api.tests.CreateJobAPITestwithFakerData.createJobAPITest(CreateJobAPITestwithFakerData.java:53)\n\tat java.base/jdk.internal.reflect.NativeMethodAccessorImpl.invoke0(Native Method)\n\tat java.base/jdk.internal.reflect.NativeMethodAccessorImpl.invoke(NativeMethodAccessorImpl.java:77)\n\tat java.base/jdk.internal.reflect.DelegatingMethodAccessorImpl.invoke(DelegatingMethodAccessorImpl.java:43)\n\tat java.base/java.lang.reflect.Method.invoke(Method.java:569)\n\tat org.testng.internal.invokers.MethodInvocationHelper.invokeMethod(MethodInvocationHelper.java:141)\n\tat org.testng.internal.invokers.TestInvoker.invokeMethod(TestInvoker.java:687)\n\tat org.testng.internal.invokers.TestInvoker.invokeTestMethod(TestInvoker.java:230)\n\tat org.testng.internal.invokers.MethodRunner.runInSequence(MethodRunner.java:63)\n\tat org.testng.internal.invokers.TestInvoker$MethodInvocationAgent.invoke(TestInvoker.java:995)\n\tat org.testng.internal.invokers.TestInvoker.invokeTestMethods(TestInvoker.java:203)\n\tat org.testng.internal.invokers.TestMethodWorker.invokeTestMethods(TestMethodWorker.java:154)\n\tat org.testng.internal.invokers.TestMethodWorker.run(TestMethodWorker.java:134)\n\tat java.base/java.util.ArrayList.forEach(ArrayList.java:1511)\n\tat org.testng.TestRunner.privateRun(TestRunner.java:741)\n\tat org.testng.TestRunner.run(TestRunner.java:616)\n\tat org.testng.SuiteRunner.runTest(SuiteRunner.java:421)\n\tat org.testng.SuiteRunner.runSequentially(SuiteRunner.java:413)\n\tat org.testng.SuiteRunner.privateRun(SuiteRunner.java:373)\n\tat org.testng.SuiteRunner.run(SuiteRunner.java:312)\n\tat org.testng.SuiteRunnerWorker.runSuite(SuiteRunnerWorker.java:52)\n\tat org.testng.SuiteRunnerWorker.run(SuiteRunnerWorker.java:95)\n\tat org.testng.TestNG.runSuitesSequentially(TestNG.java:1274)\n\tat org.testng.TestNG.runSuitesLocally(TestNG.java:1208)\n\tat org.testng.TestNG.runSuites(TestNG.java:1112)\n\tat org.testng.TestNG.run(TestNG.java:1079)\n\tat org.apache.maven.surefire.testng.TestNGExecutor.run(TestNGExecutor.java:308)\n\tat org.apache.maven.surefire.testng.TestNGXmlTestSuite.execute(TestNGXmlTestSuite.java:71)\n\tat org.apache.maven.surefire.testng.TestNGProvider.invoke(TestNGProvider.java:113)\n\tat org.apache.maven.surefire.booter.ForkedBooter.runSuitesInProcess(ForkedBooter.java:385)\n\tat org.apache.maven.surefire.booter.ForkedBooter.execute(ForkedBooter.java:162)\n\tat org.apache.maven.surefire.booter.ForkedBooter.run(ForkedBooter.java:507)\n\tat org.apache.maven.surefire.booter.ForkedBooter.main(ForkedBooter.java:495)\nCaused by: java.lang.NullPointerException: Cannot invoke \"String.trim()\" because \"address\" is null\n\tat com.bettercloud.vault.VaultConfig.address(VaultConfig.java:112)\n\tat com.api.utils.VaultDBConfig.<clinit>(VaultDBConfig.java:24)\n\t... 36 more\n","steps":[{"name":"Creating Inwarranty Job with Create Job API","time":{"start":1771182183697,"stop":1771182184207,"duration":510},"status":"passed","steps":[{"name":"Setting up the BaseURI, Content Type as Application/JSON and attaching the SensitiveData Filter for a role and attaching payload","time":{"start":1771182183698,"stop":1771182183705,"duration":7},"status":"passed","steps":[{"name":"Getting the Property Value from the config file","time":{"start":1771182183698,"stop":1771182183698,"duration":0},"status":"passed","steps":[],"attachments":[],"parameters":[{"name":"key","value":"BASE_URI"}],"stepsCount":0,"attachmentsCount":0,"shouldDisplayMessage":false,"hasContent":true},{"name":"Getting the Auth token for the role","time":{"start":1771182183699,"stop":1771182183699,"duration":0},"status":"passed","steps":[],"attachments":[],"parameters":[{"name":"role","value":"FD"}],"stepsCount":0,"attachmentsCount":0,"shouldDisplayMessage":false,"hasContent":true}],"attachments":[],"parameters":[{"name":"role","value":"FD"},{"name":"paylaod","value":"CreateJobPayload[mst_service_location_id=0, mst_platform_id=2, mst_warrenty_status_id=1, mst_oem_id=1, customer=Customer[first_name=Krishna, last_name=Kakkar, mobile_number=7017580276, mobile_number_alt=7093765958, email_id=som.mahajan@yahoo.co.in, email_id_alt=ghanashyam.chattopadhyay@hotmail.com], customer_address=CustomerAddress[flat_number=654, apartment_name=Nirbhay Falls, street_name=Achari Greens, landmark=Dhara Underpass, area=Khatri Ville, pincode=36655, country=India, state=Orissa], customer_product=CustomerProduct[dop=2026-02-05T19:03:03.682749721Z, serial_number=027658691228371, imei1=027658691228371, imei2=027658691228371, popurl=www.kashyapi-shukla.co.in, product_id=1, mst_model_id=1], problems=[Problems[id=28, remark=Laboriosam distinctio velit repellendus dolorum quisquam.], Problems[id=17, remark=Sint quas dolores commodi culpa.]]]"}],"stepsCount":2,"attachmentsCount":0,"shouldDisplayMessage":false,"hasContent":true}],"attachments":[{"uid":"2a91fd355bd0b583","name":"Request","source":"2a91fd355bd0b583.html","type":"text/html","size":5537},{"uid":"2cab2db497873573","name":"HTTP/1.1 200 OK","source":"2cab2db497873573.html","type":"text/html","size":1314}],"parameters":[{"name":"role","value":"FD"},{"name":"payload","value":"CreateJobPayload[mst_service_location_id=0, mst_platform_id=2, mst_warrenty_status_id=1, mst_oem_id=1, customer=Customer[first_name=Krishna, last_name=Kakkar, mobile_number=7017580276, mobile_number_alt=7093765958, email_id=som.mahajan@yahoo.co.in, email_id_alt=ghanashyam.chattopadhyay@hotmail.com], customer_address=CustomerAddress[flat_number=654, apartment_name=Nirbhay Falls, street_name=Achari Greens, landmark=Dhara Underpass, area=Khatri Ville, pincode=36655, country=India, state=Orissa], customer_product=CustomerProduct[dop=2026-02-05T19:03:03.682749721Z, serial_number=027658691228371, imei1=027658691228371, imei2=027658691228371, popurl=www.kashyapi-shukla.co.in, product_id=1, mst_model_id=1], problems=[Problems[id=28, remark=Laboriosam distinctio velit repellendus dolorum quisquam.], Problems[id=17, remark=Sint quas dolores commodi culpa.]]]"}],"stepsCount":3,"attachmentsCount":2,"shouldDisplayMessage":false,"hasContent":true},{"name":"Expecting the response to have Content Type as Application/JSON, Status 200 and Response Time Less than 1000 ms","time":{"start":1771182184207,"stop":1771182184207,"duration":0},"status":"passed","steps":[],"attachments":[],"parameters":[],"stepsCount":0,"attachmentsCount":0,"shouldDisplayMessage":false,"hasContent":false},{"name":"Retrieving the Customer informaton from Database for the specific customer id","time":{"start":1771182184260,"stop":1771182184273,"duration":13},"status":"broken","statusMessage":"java.lang.ExceptionInInitializerError","statusTrace":"java.lang.ExceptionInInitializerError\n\tat com.database.DatabaseManager.loadSecret(DatabaseManager.java:44)\n\tat com.database.DatabaseManager.<clinit>(DatabaseManager.java:34)\n\tat com.database.dao.CustomerDao.getCustomerInfo(CustomerDao.java:32)\n\tat com.api.tests.CreateJobAPITestwithFakerData.createJobAPITest(CreateJobAPITestwithFakerData.java:53)\n\tat java.base/jdk.internal.reflect.NativeMethodAccessorImpl.invoke0(Native Method)\n\tat java.base/jdk.internal.reflect.NativeMethodAccessorImpl.invoke(NativeMethodAccessorImpl.java:77)\n\tat java.base/jdk.internal.reflect.DelegatingMethodAccessorImpl.invoke(DelegatingMethodAccessorImpl.java:43)\n\tat java.base/java.lang.reflect.Method.invoke(Method.java:569)\n\tat org.testng.internal.invokers.MethodInvocationHelper.invokeMethod(MethodInvocationHelper.java:141)\n\tat org.testng.internal.invokers.TestInvoker.invokeMethod(TestInvoker.java:687)\n\tat org.testng.internal.invokers.TestInvoker.invokeTestMethod(TestInvoker.java:230)\n\tat org.testng.internal.invokers.MethodRunner.runInSequence(MethodRunner.java:63)\n\tat org.testng.internal.invokers.TestInvoker$MethodInvocationAgent.invoke(TestInvoker.java:995)\n\tat org.testng.internal.invokers.TestInvoker.invokeTestMethods(TestInvoker.java:203)\n\tat org.testng.internal.invokers.TestMethodWorker.invokeTestMethods(TestMethodWorker.java:154)\n\tat org.testng.internal.invokers.TestMethodWorker.run(TestMethodWorker.java:134)\n\tat java.base/java.util.ArrayList.forEach(ArrayList.java:1511)\n\tat org.testng.TestRunner.privateRun(TestRunner.java:741)\n\tat org.testng.TestRunner.run(TestRunner.java:616)\n\tat org.testng.SuiteRunner.runTest(SuiteRunner.java:421)\n\tat org.testng.SuiteRunner.runSequentially(SuiteRunner.java:413)\n\tat org.testng.SuiteRunner.privateRun(SuiteRunner.java:373)\n\tat org.testng.SuiteRunner.run(SuiteRunner.java:312)\n\tat org.testng.SuiteRunnerWorker.runSuite(SuiteRunnerWorker.java:52)\n\tat org.testng.SuiteRunnerWorker.run(SuiteRunnerWorker.java:95)\n\tat org.testng.TestNG.runSuitesSequentially(TestNG.java:1274)\n\tat org.testng.TestNG.runSuitesLocally(TestNG.java:1208)\n\tat org.testng.TestNG.runSuites(TestNG.java:1112)\n\tat org.testng.TestNG.run(TestNG.java:1079)\n\tat org.apache.maven.surefire.testng.TestNGExecutor.run(TestNGExecutor.java:308)\n\tat org.apache.maven.surefire.testng.TestNGXmlTestSuite.execute(TestNGXmlTestSuite.java:71)\n\tat org.apache.maven.surefire.testng.TestNGProvider.invoke(TestNGProvider.java:113)\n\tat org.apache.maven.surefire.booter.ForkedBooter.runSuitesInProcess(ForkedBooter.java:385)\n\tat org.apache.maven.surefire.booter.ForkedBooter.execute(ForkedBooter.java:162)\n\tat org.apache.maven.surefire.booter.ForkedBooter.run(ForkedBooter.java:507)\n\tat org.apache.maven.surefire.booter.ForkedBooter.main(ForkedBooter.java:495)\nCaused by: java.lang.NullPointerException: Cannot invoke \"String.trim()\" because \"address\" is null\n\tat com.bettercloud.vault.VaultConfig.address(VaultConfig.java:112)\n\tat com.api.utils.VaultDBConfig.<clinit>(VaultDBConfig.java:24)\n\t... 36 more\n","steps":[{"name":"Getting the Property Value from the config file","time":{"start":1771182184266,"stop":1771182184266,"duration":0},"status":"passed","steps":[],"attachments":[],"parameters":[{"name":"key","value":"MAXIMUM_POOL_SIZE"}],"stepsCount":0,"attachmentsCount":0,"shouldDisplayMessage":false,"hasContent":true},{"name":"Getting the Property Value from the config file","time":{"start":1771182184266,"stop":1771182184266,"duration":0},"status":"passed","steps":[],"attachments":[],"parameters":[{"name":"key","value":"MINIMUM_IDLE_COUNT"}],"stepsCount":0,"attachmentsCount":0,"shouldDisplayMessage":false,"hasContent":true},{"name":"Getting the Property Value from the config file","time":{"start":1771182184266,"stop":1771182184266,"duration":0},"status":"passed","steps":[],"attachments":[],"parameters":[{"name":"key","value":"CONNECTION_TIMEOUT_IN_SECS"}],"stepsCount":0,"attachmentsCount":0,"shouldDisplayMessage":false,"hasContent":true},{"name":"Getting the Property Value from the config file","time":{"start":1771182184266,"stop":1771182184266,"duration":0},"status":"passed","steps":[],"attachments":[],"parameters":[{"name":"key","value":"IDLE_TIMEOUT_IN_SECS"}],"stepsCount":0,"attachmentsCount":0,"shouldDisplayMessage":false,"hasContent":true},{"name":"Getting the Property Value from the config file","time":{"start":1771182184267,"stop":1771182184267,"duration":0},"status":"passed","steps":[],"attachments":[],"parameters":[{"name":"key","value":"MAX_LIFETIME_IN_MINS"}],"stepsCount":0,"attachmentsCount":0,"shouldDisplayMessage":false,"hasContent":true},{"name":"Getting the Property Value from the config file","time":{"start":1771182184267,"stop":1771182184267,"duration":0},"status":"passed","steps":[],"attachments":[],"parameters":[{"name":"key","value":"HIKARICP_POOL_NAME"}],"stepsCount":0,"attachmentsCount":0,"shouldDisplayMessage":false,"hasContent":true},{"name":"Loading Database Secrets","time":{"start":1771182184267,"stop":1771182184273,"duration":6},"status":"broken","statusMessage":"java.lang.ExceptionInInitializerError","statusTrace":"java.lang.ExceptionInInitializerError\n\tat com.database.DatabaseManager.loadSecret(DatabaseManager.java:44)\n\tat com.database.DatabaseManager.<clinit>(DatabaseManager.java:34)\n\tat com.database.dao.CustomerDao.getCustomerInfo(CustomerDao.java:32)\n\tat com.api.tests.CreateJobAPITestwithFakerData.createJobAPITest(CreateJobAPITestwithFakerData.java:53)\n\tat java.base/jdk.internal.reflect.NativeMethodAccessorImpl.invoke0(Native Method)\n\tat java.base/jdk.internal.reflect.NativeMethodAccessorImpl.invoke(NativeMethodAccessorImpl.java:77)\n\tat java.base/jdk.internal.reflect.DelegatingMethodAccessorImpl.invoke(DelegatingMethodAccessorImpl.java:43)\n\tat java.base/java.lang.reflect.Method.invoke(Method.java:569)\n\tat org.testng.internal.invokers.MethodInvocationHelper.invokeMethod(MethodInvocationHelper.java:141)\n\tat org.testng.internal.invokers.TestInvoker.invokeMethod(TestInvoker.java:687)\n\tat org.testng.internal.invokers.TestInvoker.invokeTestMethod(TestInvoker.java:230)\n\tat org.testng.internal.invokers.MethodRunner.runInSequence(MethodRunner.java:63)\n\tat org.testng.internal.invokers.TestInvoker$MethodInvocationAgent.invoke(TestInvoker.java:995)\n\tat org.testng.internal.invokers.TestInvoker.invokeTestMethods(TestInvoker.java:203)\n\tat org.testng.internal.invokers.TestMethodWorker.invokeTestMethods(TestMethodWorker.java:154)\n\tat org.testng.internal.invokers.TestMethodWorker.run(TestMethodWorker.java:134)\n\tat java.base/java.util.ArrayList.forEach(ArrayList.java:1511)\n\tat org.testng.TestRunner.privateRun(TestRunner.java:741)\n\tat org.testng.TestRunner.run(TestRunner.java:616)\n\tat org.testng.SuiteRunner.runTest(SuiteRunner.java:421)\n\tat org.testng.SuiteRunner.runSequentially(SuiteRunner.java:413)\n\tat org.testng.SuiteRunner.privateRun(SuiteRunner.java:373)\n\tat org.testng.SuiteRunner.run(SuiteRunner.java:312)\n\tat org.testng.SuiteRunnerWorker.runSuite(SuiteRunnerWorker.java:52)\n\tat org.testng.SuiteRunnerWorker.run(SuiteRunnerWorker.java:95)\n\tat org.testng.TestNG.runSuitesSequentially(TestNG.java:1274)\n\tat org.testng.TestNG.runSuitesLocally(TestNG.java:1208)\n\tat org.testng.TestNG.runSuites(TestNG.java:1112)\n\tat org.testng.TestNG.run(TestNG.java:1079)\n\tat org.apache.maven.surefire.testng.TestNGExecutor.run(TestNGExecutor.java:308)\n\tat org.apache.maven.surefire.testng.TestNGXmlTestSuite.execute(TestNGXmlTestSuite.java:71)\n\tat org.apache.maven.surefire.testng.TestNGProvider.invoke(TestNGProvider.java:113)\n\tat org.apache.maven.surefire.booter.ForkedBooter.runSuitesInProcess(ForkedBooter.java:385)\n\tat org.apache.maven.surefire.booter.ForkedBooter.execute(ForkedBooter.java:162)\n\tat org.apache.maven.surefire.booter.ForkedBooter.run(ForkedBooter.java:507)\n\tat org.apache.maven.surefire.booter.ForkedBooter.main(ForkedBooter.java:495)\nCaused by: java.lang.NullPointerException: Cannot invoke \"String.trim()\" because \"address\" is null\n\tat com.bettercloud.vault.VaultConfig.address(VaultConfig.java:112)\n\tat com.api.utils.VaultDBConfig.<clinit>(VaultDBConfig.java:24)\n\t... 36 more\n","steps":[],"attachments":[],"parameters":[{"name":"key","value":"DB_URL"}],"stepsCount":0,"attachmentsCount":0,"shouldDisplayMessage":true,"hasContent":true}],"attachments":[],"parameters":[{"name":"customerId","value":"187313"}],"stepsCount":7,"attachmentsCount":0,"shouldDisplayMessage":false,"hasContent":true}],"attachments":[],"parameters":[],"stepsCount":13,"attachmentsCount":2,"shouldDisplayMessage":false,"hasContent":true},"afterStages":[],"labels":[{"name":"package","value":"com.api.tests.CreateJobAPITestwithFakerData"},{"name":"testClass","value":"com.api.tests.CreateJobAPITestwithFakerData"},{"name":"testMethod","value":"createJobAPITest"},{"name":"parentSuite","value":"Phoenix API Test Suite"},{"name":"suite","value":"Inwarranty Flow Test"},{"name":"subSuite","value":"com.api.tests.CreateJobAPITestwithFakerData"},{"name":"host","value":"runnervmjduv7"},{"name":"thread","value":"2353@runnervmjduv7.main(1)"},{"name":"framework","value":"testng"},{"name":"language","value":"java"},{"name":"resultFormat","value":"allure2"}],"parameters":[],"links":[],"hidden":false,"retry":false,"extra":{"severity":"normal","retries":[],"categories":[{"name":"Test defects","matchedStatuses":[],"flaky":false}],"tags":[]},"source":"a0602b142afecd95.json","parameterValues":[]}