{"uid":"c2fe6919259b12d1","name":"Verifying if create job api is able to create inwarranty job","fullName":"com.api.tests.CreateJobAPITestwithFakerData.createJobAPITest","historyId":"33bbac42d569e87481fc44e99f0a6333","time":{"start":1771091462031,"stop":1771091462645,"duration":614},"status":"broken","statusMessage":"java.lang.ExceptionInInitializerError","statusTrace":"java.lang.ExceptionInInitializerError\n\tat com.database.DatabaseManager.loadSecret(DatabaseManager.java:44)\n\tat com.database.DatabaseManager.<clinit>(DatabaseManager.java:34)\n\tat com.database.dao.CustomerDao.getCustomerInfo(CustomerDao.java:32)\n\tat com.api.tests.CreateJobAPITestwithFakerData.createJobAPITest(CreateJobAPITestwithFakerData.java:53)\n\tat java.base/jdk.internal.reflect.NativeMethodAccessorImpl.invoke0(Native Method)\n\tat java.base/jdk.internal.reflect.NativeMethodAccessorImpl.invoke(NativeMethodAccessorImpl.java:77)\n\tat java.base/jdk.internal.reflect.DelegatingMethodAccessorImpl.invoke(DelegatingMethodAccessorImpl.java:43)\n\tat java.base/java.lang.reflect.Method.invoke(Method.java:569)\n\tat org.testng.internal.invokers.MethodInvocationHelper.invokeMethod(MethodInvocationHelper.java:141)\n\tat org.testng.internal.invokers.TestInvoker.invokeMethod(TestInvoker.java:687)\n\tat org.testng.internal.invokers.TestInvoker.invokeTestMethod(TestInvoker.java:230)\n\tat org.testng.internal.invokers.MethodRunner.runInSequence(MethodRunner.java:63)\n\tat org.testng.internal.invokers.TestInvoker$MethodInvocationAgent.invoke(TestInvoker.java:995)\n\tat org.testng.internal.invokers.TestInvoker.invokeTestMethods(TestInvoker.java:203)\n\tat org.testng.internal.invokers.TestMethodWorker.invokeTestMethods(TestMethodWorker.java:154)\n\tat org.testng.internal.invokers.TestMethodWorker.run(TestMethodWorker.java:134)\n\tat java.base/java.util.ArrayList.forEach(ArrayList.java:1511)\n\tat org.testng.TestRunner.privateRun(TestRunner.java:741)\n\tat org.testng.TestRunner.run(TestRunner.java:616)\n\tat org.testng.SuiteRunner.runTest(SuiteRunner.java:421)\n\tat org.testng.SuiteRunner.runSequentially(SuiteRunner.java:413)\n\tat org.testng.SuiteRunner.privateRun(SuiteRunner.java:373)\n\tat org.testng.SuiteRunner.run(SuiteRunner.java:312)\n\tat org.testng.SuiteRunnerWorker.runSuite(SuiteRunnerWorker.java:52)\n\tat org.testng.SuiteRunnerWorker.run(SuiteRunnerWorker.java:95)\n\tat org.testng.TestNG.runSuitesSequentially(TestNG.java:1274)\n\tat org.testng.TestNG.runSuitesLocally(TestNG.java:1208)\n\tat org.testng.TestNG.runSuites(TestNG.java:1112)\n\tat org.testng.TestNG.run(TestNG.java:1079)\n\tat org.apache.maven.surefire.testng.TestNGExecutor.run(TestNGExecutor.java:308)\n\tat org.apache.maven.surefire.testng.TestNGXmlTestSuite.execute(TestNGXmlTestSuite.java:71)\n\tat org.apache.maven.surefire.testng.TestNGProvider.invoke(TestNGProvider.java:113)\n\tat org.apache.maven.surefire.booter.ForkedBooter.runSuitesInProcess(ForkedBooter.java:385)\n\tat org.apache.maven.surefire.booter.ForkedBooter.execute(ForkedBooter.java:162)\n\tat org.apache.maven.surefire.booter.ForkedBooter.run(ForkedBooter.java:507)\n\tat org.apache.maven.surefire.booter.ForkedBooter.main(ForkedBooter.java:495)\nCaused by: java.lang.NullPointerException: Cannot invoke \"String.trim()\" because \"address\" is null\n\tat com.bettercloud.vault.VaultConfig.address(VaultConfig.java:112)\n\tat com.api.utils.VaultDBConfig.<clinit>(VaultDBConfig.java:24)\n\t... 36 more\n","flaky":false,"newFailed":false,"newBroken":false,"newPassed":false,"retriesCount":0,"retriesStatusChange":false,"beforeStages":[{"name":"Creating create job api request payload and Instantiating the JobService object","time":{"start":1771091461853,"stop":1771091462028,"duration":175},"description":"Creating create job api request payload and Instantiating the JobService object","status":"passed","steps":[{"name":"Generating the fake payload for Create Job API","time":{"start":1771091461897,"stop":1771091462028,"duration":131},"status":"passed","steps":[{"name":"Generating fake Customer data","time":{"start":1771091461898,"stop":1771091461991,"duration":93},"status":"passed","steps":[],"attachments":[],"parameters":[],"stepsCount":0,"attachmentsCount":0,"shouldDisplayMessage":false,"hasContent":false},{"name":"Generating fake Customer Address Information","time":{"start":1771091461991,"stop":1771091462017,"duration":26},"status":"passed","steps":[],"attachments":[],"parameters":[],"stepsCount":0,"attachmentsCount":0,"shouldDisplayMessage":false,"hasContent":false},{"name":"Generating fake Customer Product Information","time":{"start":1771091462017,"stop":1771091462017,"duration":0},"status":"passed","steps":[],"attachments":[],"parameters":[],"stepsCount":0,"attachmentsCount":0,"shouldDisplayMessage":false,"hasContent":false},{"name":"Generating fake Problem list","time":{"start":1771091462017,"stop":1771091462028,"duration":11},"status":"passed","steps":[],"attachments":[],"parameters":[],"stepsCount":0,"attachmentsCount":0,"shouldDisplayMessage":false,"hasContent":false}],"attachments":[],"parameters":[],"stepsCount":4,"attachmentsCount":0,"shouldDisplayMessage":false,"hasContent":true}],"attachments":[],"parameters":[],"stepsCount":5,"attachmentsCount":0,"shouldDisplayMessage":false,"hasContent":true}],"testStage":{"status":"broken","statusMessage":"java.lang.ExceptionInInitializerError","statusTrace":"java.lang.ExceptionInInitializerError\n\tat com.database.DatabaseManager.loadSecret(DatabaseManager.java:44)\n\tat com.database.DatabaseManager.<clinit>(DatabaseManager.java:34)\n\tat com.database.dao.CustomerDao.getCustomerInfo(CustomerDao.java:32)\n\tat com.api.tests.CreateJobAPITestwithFakerData.createJobAPITest(CreateJobAPITestwithFakerData.java:53)\n\tat java.base/jdk.internal.reflect.NativeMethodAccessorImpl.invoke0(Native Method)\n\tat java.base/jdk.internal.reflect.NativeMethodAccessorImpl.invoke(NativeMethodAccessorImpl.java:77)\n\tat java.base/jdk.internal.reflect.DelegatingMethodAccessorImpl.invoke(DelegatingMethodAccessorImpl.java:43)\n\tat java.base/java.lang.reflect.Method.invoke(Method.java:569)\n\tat org.testng.internal.invokers.MethodInvocationHelper.invokeMethod(MethodInvocationHelper.java:141)\n\tat org.testng.internal.invokers.TestInvoker.invokeMethod(TestInvoker.java:687)\n\tat org.testng.internal.invokers.TestInvoker.invokeTestMethod(TestInvoker.java:230)\n\tat org.testng.internal.invokers.MethodRunner.runInSequence(MethodRunner.java:63)\n\tat org.testng.internal.invokers.TestInvoker$MethodInvocationAgent.invoke(TestInvoker.java:995)\n\tat org.testng.internal.invokers.TestInvoker.invokeTestMethods(TestInvoker.java:203)\n\tat org.testng.internal.invokers.TestMethodWorker.invokeTestMethods(TestMethodWorker.java:154)\n\tat org.testng.internal.invokers.TestMethodWorker.run(TestMethodWorker.java:134)\n\tat java.base/java.util.ArrayList.forEach(ArrayList.java:1511)\n\tat org.testng.TestRunner.privateRun(TestRunner.java:741)\n\tat org.testng.TestRunner.run(TestRunner.java:616)\n\tat org.testng.SuiteRunner.runTest(SuiteRunner.java:421)\n\tat org.testng.SuiteRunner.runSequentially(SuiteRunner.java:413)\n\tat org.testng.SuiteRunner.privateRun(SuiteRunner.java:373)\n\tat org.testng.SuiteRunner.run(SuiteRunner.java:312)\n\tat org.testng.SuiteRunnerWorker.runSuite(SuiteRunnerWorker.java:52)\n\tat org.testng.SuiteRunnerWorker.run(SuiteRunnerWorker.java:95)\n\tat org.testng.TestNG.runSuitesSequentially(TestNG.java:1274)\n\tat org.testng.TestNG.runSuitesLocally(TestNG.java:1208)\n\tat org.testng.TestNG.runSuites(TestNG.java:1112)\n\tat org.testng.TestNG.run(TestNG.java:1079)\n\tat org.apache.maven.surefire.testng.TestNGExecutor.run(TestNGExecutor.java:308)\n\tat org.apache.maven.surefire.testng.TestNGXmlTestSuite.execute(TestNGXmlTestSuite.java:71)\n\tat org.apache.maven.surefire.testng.TestNGProvider.invoke(TestNGProvider.java:113)\n\tat org.apache.maven.surefire.booter.ForkedBooter.runSuitesInProcess(ForkedBooter.java:385)\n\tat org.apache.maven.surefire.booter.ForkedBooter.execute(ForkedBooter.java:162)\n\tat org.apache.maven.surefire.booter.ForkedBooter.run(ForkedBooter.java:507)\n\tat org.apache.maven.surefire.booter.ForkedBooter.main(ForkedBooter.java:495)\nCaused by: java.lang.NullPointerException: Cannot invoke \"String.trim()\" because \"address\" is null\n\tat com.bettercloud.vault.VaultConfig.address(VaultConfig.java:112)\n\tat com.api.utils.VaultDBConfig.<clinit>(VaultDBConfig.java:24)\n\t... 36 more\n","steps":[{"name":"Creating Inwarranty Job with Create Job API","time":{"start":1771091462032,"stop":1771091462587,"duration":555},"status":"passed","steps":[{"name":"Setting up the BaseURI, Content Type as Application/JSON and attaching the SensitiveData Filter for a role and attaching payload","time":{"start":1771091462034,"stop":1771091462040,"duration":6},"status":"passed","steps":[{"name":"Getting the Property Value from the config file","time":{"start":1771091462034,"stop":1771091462034,"duration":0},"status":"passed","steps":[],"attachments":[],"parameters":[{"name":"key","value":"BASE_URI"}],"stepsCount":0,"attachmentsCount":0,"shouldDisplayMessage":false,"hasContent":true},{"name":"Getting the Auth token for the role","time":{"start":1771091462034,"stop":1771091462035,"duration":1},"status":"passed","steps":[],"attachments":[],"parameters":[{"name":"role","value":"FD"}],"stepsCount":0,"attachmentsCount":0,"shouldDisplayMessage":false,"hasContent":true}],"attachments":[],"parameters":[{"name":"role","value":"FD"},{"name":"paylaod","value":"CreateJobPayload[mst_service_location_id=0, mst_platform_id=2, mst_warrenty_status_id=1, mst_oem_id=1, customer=Customer[first_name=Deveshwar, last_name=Jha, mobile_number=7026553535, mobile_number_alt=7013543566, email_id=gaurang.ahuja@gmail.com, email_id_alt=anjali.jha@yahoo.co.in], customer_address=CustomerAddress[flat_number=384, apartment_name=Varman Falls, street_name=Esha Groves, landmark=Arnesh Mill, area=Goutam Trail, pincode=23959, country=India, state=Lakshadweep], customer_product=CustomerProduct[dop=2026-02-04T17:51:02.017464154Z, serial_number=546773743745541, imei1=546773743745541, imei2=546773743745541, popurl=www.shashi-patil.biz, product_id=1, mst_model_id=1], problems=[Problems[id=27, remark=Qui et rerum velit qui.]]]"}],"stepsCount":2,"attachmentsCount":0,"shouldDisplayMessage":false,"hasContent":true}],"attachments":[{"uid":"2a5d5a4312b7a0df","name":"Request","source":"2a5d5a4312b7a0df.html","type":"text/html","size":5165},{"uid":"8ebb7791fb9e7e3c","name":"HTTP/1.1 200 OK","source":"8ebb7791fb9e7e3c.html","type":"text/html","size":1314}],"parameters":[{"name":"role","value":"FD"},{"name":"payload","value":"CreateJobPayload[mst_service_location_id=0, mst_platform_id=2, mst_warrenty_status_id=1, mst_oem_id=1, customer=Customer[first_name=Deveshwar, last_name=Jha, mobile_number=7026553535, mobile_number_alt=7013543566, email_id=gaurang.ahuja@gmail.com, email_id_alt=anjali.jha@yahoo.co.in], customer_address=CustomerAddress[flat_number=384, apartment_name=Varman Falls, street_name=Esha Groves, landmark=Arnesh Mill, area=Goutam Trail, pincode=23959, country=India, state=Lakshadweep], customer_product=CustomerProduct[dop=2026-02-04T17:51:02.017464154Z, serial_number=546773743745541, imei1=546773743745541, imei2=546773743745541, popurl=www.shashi-patil.biz, product_id=1, mst_model_id=1], problems=[Problems[id=27, remark=Qui et rerum velit qui.]]]"}],"stepsCount":3,"attachmentsCount":2,"shouldDisplayMessage":false,"hasContent":true},{"name":"Expecting the response to have Content Type as Application/JSON, Status 200 and Response Time Less than 1000 ms","time":{"start":1771091462587,"stop":1771091462587,"duration":0},"status":"passed","steps":[],"attachments":[],"parameters":[],"stepsCount":0,"attachmentsCount":0,"shouldDisplayMessage":false,"hasContent":false},{"name":"Retrieving the Customer informaton from Database for the specific customer id","time":{"start":1771091462634,"stop":1771091462644,"duration":10},"status":"broken","statusMessage":"java.lang.ExceptionInInitializerError","statusTrace":"java.lang.ExceptionInInitializerError\n\tat com.database.DatabaseManager.loadSecret(DatabaseManager.java:44)\n\tat com.database.DatabaseManager.<clinit>(DatabaseManager.java:34)\n\tat com.database.dao.CustomerDao.getCustomerInfo(CustomerDao.java:32)\n\tat com.api.tests.CreateJobAPITestwithFakerData.createJobAPITest(CreateJobAPITestwithFakerData.java:53)\n\tat java.base/jdk.internal.reflect.NativeMethodAccessorImpl.invoke0(Native Method)\n\tat java.base/jdk.internal.reflect.NativeMethodAccessorImpl.invoke(NativeMethodAccessorImpl.java:77)\n\tat java.base/jdk.internal.reflect.DelegatingMethodAccessorImpl.invoke(DelegatingMethodAccessorImpl.java:43)\n\tat java.base/java.lang.reflect.Method.invoke(Method.java:569)\n\tat org.testng.internal.invokers.MethodInvocationHelper.invokeMethod(MethodInvocationHelper.java:141)\n\tat org.testng.internal.invokers.TestInvoker.invokeMethod(TestInvoker.java:687)\n\tat org.testng.internal.invokers.TestInvoker.invokeTestMethod(TestInvoker.java:230)\n\tat org.testng.internal.invokers.MethodRunner.runInSequence(MethodRunner.java:63)\n\tat org.testng.internal.invokers.TestInvoker$MethodInvocationAgent.invoke(TestInvoker.java:995)\n\tat org.testng.internal.invokers.TestInvoker.invokeTestMethods(TestInvoker.java:203)\n\tat org.testng.internal.invokers.TestMethodWorker.invokeTestMethods(TestMethodWorker.java:154)\n\tat org.testng.internal.invokers.TestMethodWorker.run(TestMethodWorker.java:134)\n\tat java.base/java.util.ArrayList.forEach(ArrayList.java:1511)\n\tat org.testng.TestRunner.privateRun(TestRunner.java:741)\n\tat org.testng.TestRunner.run(TestRunner.java:616)\n\tat org.testng.SuiteRunner.runTest(SuiteRunner.java:421)\n\tat org.testng.SuiteRunner.runSequentially(SuiteRunner.java:413)\n\tat org.testng.SuiteRunner.privateRun(SuiteRunner.java:373)\n\tat org.testng.SuiteRunner.run(SuiteRunner.java:312)\n\tat org.testng.SuiteRunnerWorker.runSuite(SuiteRunnerWorker.java:52)\n\tat org.testng.SuiteRunnerWorker.run(SuiteRunnerWorker.java:95)\n\tat org.testng.TestNG.runSuitesSequentially(TestNG.java:1274)\n\tat org.testng.TestNG.runSuitesLocally(TestNG.java:1208)\n\tat org.testng.TestNG.runSuites(TestNG.java:1112)\n\tat org.testng.TestNG.run(TestNG.java:1079)\n\tat org.apache.maven.surefire.testng.TestNGExecutor.run(TestNGExecutor.java:308)\n\tat org.apache.maven.surefire.testng.TestNGXmlTestSuite.execute(TestNGXmlTestSuite.java:71)\n\tat org.apache.maven.surefire.testng.TestNGProvider.invoke(TestNGProvider.java:113)\n\tat org.apache.maven.surefire.booter.ForkedBooter.runSuitesInProcess(ForkedBooter.java:385)\n\tat org.apache.maven.surefire.booter.ForkedBooter.execute(ForkedBooter.java:162)\n\tat org.apache.maven.surefire.booter.ForkedBooter.run(ForkedBooter.java:507)\n\tat org.apache.maven.surefire.booter.ForkedBooter.main(ForkedBooter.java:495)\nCaused by: java.lang.NullPointerException: Cannot invoke \"String.trim()\" because \"address\" is null\n\tat com.bettercloud.vault.VaultConfig.address(VaultConfig.java:112)\n\tat com.api.utils.VaultDBConfig.<clinit>(VaultDBConfig.java:24)\n\t... 36 more\n","steps":[{"name":"Getting the Property Value from the config file","time":{"start":1771091462639,"stop":1771091462639,"duration":0},"status":"passed","steps":[],"attachments":[],"parameters":[{"name":"key","value":"MAXIMUM_POOL_SIZE"}],"stepsCount":0,"attachmentsCount":0,"shouldDisplayMessage":false,"hasContent":true},{"name":"Getting the Property Value from the config file","time":{"start":1771091462639,"stop":1771091462639,"duration":0},"status":"passed","steps":[],"attachments":[],"parameters":[{"name":"key","value":"MINIMUM_IDLE_COUNT"}],"stepsCount":0,"attachmentsCount":0,"shouldDisplayMessage":false,"hasContent":true},{"name":"Getting the Property Value from the config file","time":{"start":1771091462639,"stop":1771091462639,"duration":0},"status":"passed","steps":[],"attachments":[],"parameters":[{"name":"key","value":"CONNECTION_TIMEOUT_IN_SECS"}],"stepsCount":0,"attachmentsCount":0,"shouldDisplayMessage":false,"hasContent":true},{"name":"Getting the Property Value from the config file","time":{"start":1771091462639,"stop":1771091462639,"duration":0},"status":"passed","steps":[],"attachments":[],"parameters":[{"name":"key","value":"IDLE_TIMEOUT_IN_SECS"}],"stepsCount":0,"attachmentsCount":0,"shouldDisplayMessage":false,"hasContent":true},{"name":"Getting the Property Value from the config file","time":{"start":1771091462639,"stop":1771091462639,"duration":0},"status":"passed","steps":[],"attachments":[],"parameters":[{"name":"key","value":"MAX_LIFETIME_IN_MINS"}],"stepsCount":0,"attachmentsCount":0,"shouldDisplayMessage":false,"hasContent":true},{"name":"Getting the Property Value from the config file","time":{"start":1771091462639,"stop":1771091462639,"duration":0},"status":"passed","steps":[],"attachments":[],"parameters":[{"name":"key","value":"HIKARICP_POOL_NAME"}],"stepsCount":0,"attachmentsCount":0,"shouldDisplayMessage":false,"hasContent":true},{"name":"Loading Database Secrets","time":{"start":1771091462640,"stop":1771091462644,"duration":4},"status":"broken","statusMessage":"java.lang.ExceptionInInitializerError","statusTrace":"java.lang.ExceptionInInitializerError\n\tat com.database.DatabaseManager.loadSecret(DatabaseManager.java:44)\n\tat com.database.DatabaseManager.<clinit>(DatabaseManager.java:34)\n\tat com.database.dao.CustomerDao.getCustomerInfo(CustomerDao.java:32)\n\tat com.api.tests.CreateJobAPITestwithFakerData.createJobAPITest(CreateJobAPITestwithFakerData.java:53)\n\tat java.base/jdk.internal.reflect.NativeMethodAccessorImpl.invoke0(Native Method)\n\tat java.base/jdk.internal.reflect.NativeMethodAccessorImpl.invoke(NativeMethodAccessorImpl.java:77)\n\tat java.base/jdk.internal.reflect.DelegatingMethodAccessorImpl.invoke(DelegatingMethodAccessorImpl.java:43)\n\tat java.base/java.lang.reflect.Method.invoke(Method.java:569)\n\tat org.testng.internal.invokers.MethodInvocationHelper.invokeMethod(MethodInvocationHelper.java:141)\n\tat org.testng.internal.invokers.TestInvoker.invokeMethod(TestInvoker.java:687)\n\tat org.testng.internal.invokers.TestInvoker.invokeTestMethod(TestInvoker.java:230)\n\tat org.testng.internal.invokers.MethodRunner.runInSequence(MethodRunner.java:63)\n\tat org.testng.internal.invokers.TestInvoker$MethodInvocationAgent.invoke(TestInvoker.java:995)\n\tat org.testng.internal.invokers.TestInvoker.invokeTestMethods(TestInvoker.java:203)\n\tat org.testng.internal.invokers.TestMethodWorker.invokeTestMethods(TestMethodWorker.java:154)\n\tat org.testng.internal.invokers.TestMethodWorker.run(TestMethodWorker.java:134)\n\tat java.base/java.util.ArrayList.forEach(ArrayList.java:1511)\n\tat org.testng.TestRunner.privateRun(TestRunner.java:741)\n\tat org.testng.TestRunner.run(TestRunner.java:616)\n\tat org.testng.SuiteRunner.runTest(SuiteRunner.java:421)\n\tat org.testng.SuiteRunner.runSequentially(SuiteRunner.java:413)\n\tat org.testng.SuiteRunner.privateRun(SuiteRunner.java:373)\n\tat org.testng.SuiteRunner.run(SuiteRunner.java:312)\n\tat org.testng.SuiteRunnerWorker.runSuite(SuiteRunnerWorker.java:52)\n\tat org.testng.SuiteRunnerWorker.run(SuiteRunnerWorker.java:95)\n\tat org.testng.TestNG.runSuitesSequentially(TestNG.java:1274)\n\tat org.testng.TestNG.runSuitesLocally(TestNG.java:1208)\n\tat org.testng.TestNG.runSuites(TestNG.java:1112)\n\tat org.testng.TestNG.run(TestNG.java:1079)\n\tat org.apache.maven.surefire.testng.TestNGExecutor.run(TestNGExecutor.java:308)\n\tat org.apache.maven.surefire.testng.TestNGXmlTestSuite.execute(TestNGXmlTestSuite.java:71)\n\tat org.apache.maven.surefire.testng.TestNGProvider.invoke(TestNGProvider.java:113)\n\tat org.apache.maven.surefire.booter.ForkedBooter.runSuitesInProcess(ForkedBooter.java:385)\n\tat org.apache.maven.surefire.booter.ForkedBooter.execute(ForkedBooter.java:162)\n\tat org.apache.maven.surefire.booter.ForkedBooter.run(ForkedBooter.java:507)\n\tat org.apache.maven.surefire.booter.ForkedBooter.main(ForkedBooter.java:495)\nCaused by: java.lang.NullPointerException: Cannot invoke \"String.trim()\" because \"address\" is null\n\tat com.bettercloud.vault.VaultConfig.address(VaultConfig.java:112)\n\tat com.api.utils.VaultDBConfig.<clinit>(VaultDBConfig.java:24)\n\t... 36 more\n","steps":[],"attachments":[],"parameters":[{"name":"key","value":"DB_URL"}],"stepsCount":0,"attachmentsCount":0,"shouldDisplayMessage":true,"hasContent":true}],"attachments":[],"parameters":[{"name":"customerId","value":"186636"}],"stepsCount":7,"attachmentsCount":0,"shouldDisplayMessage":false,"hasContent":true}],"attachments":[],"parameters":[],"stepsCount":13,"attachmentsCount":2,"shouldDisplayMessage":false,"hasContent":true},"afterStages":[],"labels":[{"name":"package","value":"com.api.tests.CreateJobAPITestwithFakerData"},{"name":"testClass","value":"com.api.tests.CreateJobAPITestwithFakerData"},{"name":"testMethod","value":"createJobAPITest"},{"name":"parentSuite","value":"Phoenix API Test Suite"},{"name":"suite","value":"Inwarranty Flow Test"},{"name":"subSuite","value":"com.api.tests.CreateJobAPITestwithFakerData"},{"name":"host","value":"runnervmjduv7"},{"name":"thread","value":"2347@runnervmjduv7.main(1)"},{"name":"framework","value":"testng"},{"name":"language","value":"java"},{"name":"resultFormat","value":"allure2"}],"parameters":[],"links":[],"hidden":false,"retry":false,"extra":{"severity":"normal","retries":[],"categories":[{"name":"Test defects","matchedStatuses":[],"flaky":false}],"tags":[]},"source":"c2fe6919259b12d1.json","parameterValues":[]}